This file contains any messages produced by compilers while
running configure, to aid debugging if configure makes a mistake.

It was created by configure, which was
generated by GNU Autoconf 2.69.  Invocation command line was

  $ ./configure 

## --------- ##
## Platform. ##
## --------- ##

hostname = piotras
uname -m = i686
uname -r = 3.11.0-20-generic
uname -s = Linux
uname -v = #34-Ubuntu SMP Tue Apr 1 20:42:16 UTC 2014

/usr/bin/uname -p = unknown
/bin/uname -X     = unknown

/bin/arch              = unknown
/usr/bin/arch -k       = unknown
/usr/convex/getsysinfo = unknown
/usr/bin/hostinfo      = unknown
/bin/machine           = unknown
/usr/bin/oslevel       = unknown
/bin/universe          = unknown

PATH: /usr/local/heroku/bin
PATH: /usr/local/heroku/bin
PATH: /usr/local/sbin
PATH: /usr/local/bin
PATH: /usr/sbin
PATH: /usr/bin
PATH: /sbin
PATH: /bin
PATH: /usr/games
PATH: /usr/local/games


## ----------- ##
## Core tests. ##
## ----------- ##

configure:2082: checking for grep that handles long lines and -e
configure:2140: result: /bin/grep
configure:2145: checking for egrep
configure:2207: result: /bin/grep -E
configure:2212: checking for a sed that does not truncate output
configure:2276: result: /bin/sed
configure:2410: checking for cc
configure:2426: found /usr/bin/cc
configure:2437: result: cc
configure:2468: checking for C compiler version
configure:2477: cc --version >&5
cc (Ubuntu/Linaro 4.8.1-10ubuntu9) 4.8.1
Copyright (C) 2013 Free Software Foundation, Inc.
This is free software; see the source for copying conditions.  There is NO
warranty; not even for MERCHANTABILITY or FITNESS FOR A PARTICULAR PURPOSE.

configure:2488: $? = 0
configure:2477: cc -v >&5
Using built-in specs.
COLLECT_GCC=cc
COLLECT_LTO_WRAPPER=/usr/lib/gcc/i686-linux-gnu/4.8/lto-wrapper
Target: i686-linux-gnu
Configured with: ../src/configure -v --with-pkgversion='Ubuntu/Linaro 4.8.1-10ubuntu9' --with-bugurl=file:///usr/share/doc/gcc-4.8/README.Bugs --enable-languages=c,c++,java,go,d,fortran,objc,obj-c++ --prefix=/usr --program-suffix=-4.8 --enable-shared --enable-linker-build-id --libexecdir=/usr/lib --without-included-gettext --enable-threads=posix --with-gxx-include-dir=/usr/include/c++/4.8 --libdir=/usr/lib --enable-nls --with-sysroot=/ --enable-clocale=gnu --enable-libstdcxx-debug --enable-libstdcxx-time=yes --enable-gnu-unique-object --enable-plugin --with-system-zlib --disable-browser-plugin --enable-java-awt=gtk --enable-gtk-cairo --with-java-home=/usr/lib/jvm/java-1.5.0-gcj-4.8-i386/jre --enable-java-home --with-jvm-root-dir=/usr/lib/jvm/java-1.5.0-gcj-4.8-i386 --with-jvm-jar-dir=/usr/lib/jvm-exports/java-1.5.0-gcj-4.8-i386 --with-arch-directory=i386 --with-ecj-jar=/usr/share/java/eclipse-ecj.jar --enable-objc-gc --enable-targets=all --enable-multiarch --disable-werror --with-arch-32=i686 --with-multilib-list=m32,m64,mx32 --with-tune=generic --enable-checking=release --build=i686-linux-gnu --host=i686-linux-gnu --target=i686-linux-gnu
Thread model: posix
gcc version 4.8.1 (Ubuntu/Linaro 4.8.1-10ubuntu9) 
configure:2488: $? = 0
configure:2477: cc -V >&5
cc: error: unrecognized command line option '-V'
cc: fatal error: no input files
compilation terminated.
configure:2488: $? = 4
configure:2477: cc -qversion >&5
cc: error: unrecognized command line option '-qversion'
cc: fatal error: no input files
compilation terminated.
configure:2488: $? = 4
configure:2508: checking whether the C compiler works
configure:2530: cc    conftest.c  >&5
configure:2534: $? = 0
configure:2582: result: yes
configure:2585: checking for C compiler default output file name
configure:2587: result: a.out
configure:2593: checking for suffix of executables
configure:2600: cc -o conftest    conftest.c  >&5
configure:2604: $? = 0
configure:2626: result: 
configure:2648: checking whether we are cross compiling
configure:2656: cc -o conftest    conftest.c  >&5
configure:2660: $? = 0
configure:2667: ./conftest
configure:2671: $? = 0
configure:2686: result: no
configure:2691: checking for suffix of object files
configure:2713: cc -c   conftest.c >&5
configure:2717: $? = 0
configure:2738: result: o
configure:2742: checking whether we are using the GNU C compiler
configure:2761: cc -c   conftest.c >&5
configure:2761: $? = 0
configure:2770: result: yes
configure:2779: checking whether cc accepts -g
configure:2799: cc -c -g  conftest.c >&5
configure:2799: $? = 0
configure:2840: result: yes
configure:2857: checking for cc option to accept ISO C89
configure:2920: cc  -c -g -O2  conftest.c >&5
configure:2920: $? = 0
configure:2933: result: none needed
configure:2959: checking how to run the C preprocessor
configure:2990: cc -E  conftest.c
configure:2990: $? = 0
configure:3004: cc -E  conftest.c
conftest.c:9:28: fatal error: ac_nonexistent.h: No such file or directory
 #include <ac_nonexistent.h>
                            ^
compilation terminated.
configure:3004: $? = 1
configure: failed program was:
| /* confdefs.h */
| #define PACKAGE_NAME ""
| #define PACKAGE_TARNAME ""
| #define PACKAGE_VERSION ""
| #define PACKAGE_STRING ""
| #define PACKAGE_BUGREPORT ""
| #define PACKAGE_URL ""
| /* end confdefs.h.  */
| #include <ac_nonexistent.h>
configure:3029: result: cc -E
configure:3049: cc -E  conftest.c
configure:3049: $? = 0
configure:3063: cc -E  conftest.c
conftest.c:9:28: fatal error: ac_nonexistent.h: No such file or directory
 #include <ac_nonexistent.h>
                            ^
compilation terminated.
configure:3063: $? = 1
configure: failed program was:
| /* confdefs.h */
| #define PACKAGE_NAME ""
| #define PACKAGE_TARNAME ""
| #define PACKAGE_VERSION ""
| #define PACKAGE_STRING ""
| #define PACKAGE_BUGREPORT ""
| #define PACKAGE_URL ""
| /* end confdefs.h.  */
| #include <ac_nonexistent.h>
configure:3094: checking for icc
configure:3103: result: no
configure:3117: checking for suncc
configure:3126: result: no
configure:3144: checking whether cc understands -c and -o together
configure:3172: cc -c conftest.c -o conftest2.o >&5
configure:3176: $? = 0
configure:3182: cc -c conftest.c -o conftest2.o >&5
configure:3186: $? = 0
configure:3241: result: yes
configure:3255: checking for system library directory
configure:3270: result: lib
configure:3277: checking if compiler supports -R
configure:3296: cc -o conftest -g -O2   conftest.c -R /usr/lib  >&5
cc: error: unrecognized command line option '-R'
configure:3296: $? = 1
configure: failed program was:
| /* confdefs.h */
| #define PACKAGE_NAME ""
| #define PACKAGE_TARNAME ""
| #define PACKAGE_VERSION ""
| #define PACKAGE_STRING ""
| #define PACKAGE_BUGREPORT ""
| #define PACKAGE_URL ""
| /* end confdefs.h.  */
| 
| int
| main ()
| {
| 
|   ;
|   return 0;
| }
configure:3306: result: no
configure:3311: checking if compiler supports -Wl,-rpath,
configure:3330: cc -o conftest -g -O2   conftest.c -Wl,-rpath,/usr/lib  >&5
configure:3330: $? = 0
configure:3340: result: yes
configure:3385: checking build system type
configure:3399: result: i686-pc-linux-gnu
configure:3419: checking host system type
configure:3432: result: i686-pc-linux-gnu
configure:3452: checking target system type
configure:3465: result: i686-pc-linux-gnu
configure:3568: checking for PHP prefix
configure:3570: result: /usr
configure:3572: checking for PHP includes
configure:3574: result: -I/usr/include/php5 -I/usr/include/php5/main -I/usr/include/php5/TSRM -I/usr/include/php5/Zend -I/usr/include/php5/ext -I/usr/include/php5/ext/date/lib -D_LARGEFILE_SOURCE -D_FILE_OFFSET_BITS=64
configure:3576: checking for PHP extension directory
configure:3578: result: /usr/lib/php5/20121212
configure:3580: checking for PHP installed headers prefix
configure:3582: result: /usr/include/php5
configure:3585: checking if debug is enabled
configure:3611: result: no
configure:3614: checking if zts is enabled
configure:3640: result: no
configure:3711: checking for re2c
configure:3727: found /usr/bin/re2c
configure:3738: result: re2c
configure:3747: checking for re2c version
configure:3761: result: 0.13.5 (ok)
configure:3780: checking for gawk
configure:3797: found /usr/bin/gawk
configure:3808: result: gawk
configure:3855: checking for pkg-config 
configure:3895: result: yes, shared
configure:3917: result: Midgard library found. Version 8.09.9.99
configure:3936: checking whether to compile for php with system regex
configure:3946: result: php
configure:3955: checking whether to compile legacy API (disabled by default)
configure:3965: result: no
configure:4466: checking how to print strings
configure:4493: result: printf
configure:4514: checking for a sed that does not truncate output
configure:4578: result: /bin/sed
configure:4596: checking for fgrep
configure:4658: result: /bin/grep -F
configure:4693: checking for ld used by cc
configure:4760: result: /usr/bin/ld
configure:4767: checking if the linker (/usr/bin/ld) is GNU ld
configure:4782: result: yes
configure:4794: checking for BSD- or MS-compatible name lister (nm)
configure:4843: result: /usr/bin/nm -B
configure:4973: checking the name lister (/usr/bin/nm -B) interface
configure:4980: cc -c -g -O2 -Wall -fno-strict-aliasing  conftest.c >&5
configure:4983: /usr/bin/nm -B "conftest.o"
configure:4986: output
00000000 B some_variable
configure:4993: result: BSD nm
configure:4996: checking whether ln -s works
configure:5000: result: yes
configure:5008: checking the maximum length of command line arguments
configure:5139: result: 1572864
configure:5156: checking whether the shell understands some XSI constructs
configure:5166: result: yes
configure:5170: checking whether the shell understands "+="
configure:5176: result: yes
configure:5211: checking how to convert i686-pc-linux-gnu file names to i686-pc-linux-gnu format
configure:5251: result: func_convert_file_noop
configure:5258: checking how to convert i686-pc-linux-gnu file names to toolchain format
configure:5278: result: func_convert_file_noop
configure:5285: checking for /usr/bin/ld option to reload object files
configure:5292: result: -r
configure:5366: checking for objdump
configure:5382: found /usr/bin/objdump
configure:5393: result: objdump
configure:5425: checking how to recognize dependent libraries
configure:5623: result: pass_all
configure:5708: checking for dlltool
configure:5738: result: no
configure:5768: checking how to associate runtime and link libraries
configure:5795: result: printf %s\n
configure:5855: checking for ar
configure:5871: found /usr/bin/ar
configure:5882: result: ar
configure:5919: checking for archiver @FILE support
configure:5936: cc -c -g -O2 -Wall -fno-strict-aliasing  conftest.c >&5
configure:5936: $? = 0
configure:5939: ar cru libconftest.a @conftest.lst >&5
configure:5942: $? = 0
configure:5947: ar cru libconftest.a @conftest.lst >&5
ar: conftest.o: No such file or directory
configure:5950: $? = 1
configure:5962: result: @
configure:6020: checking for strip
configure:6036: found /usr/bin/strip
configure:6047: result: strip
configure:6119: checking for ranlib
configure:6135: found /usr/bin/ranlib
configure:6146: result: ranlib
configure:6223: checking for gawk
configure:6250: result: gawk
configure:6290: checking command to parse /usr/bin/nm -B output from cc object
configure:6410: cc -c -g -O2 -Wall -fno-strict-aliasing  conftest.c >&5
configure:6413: $? = 0
configure:6417: /usr/bin/nm -B conftest.o \| sed -n -e 's/^.*[ ]\([ABCDGIRSTW][ABCDGIRSTW]*\)[ ][ ]*\([_A-Za-z][_A-Za-z0-9]*\)$/\1 \2 \2/p' | sed '/ __gnu_lto/d' \> conftest.nm
configure:6420: $? = 0
configure:6486: cc -o conftest -g -O2 -Wall -fno-strict-aliasing   conftest.c conftstm.o >&5
configure:6489: $? = 0
configure:6527: result: ok
configure:6564: checking for sysroot
configure:6594: result: no
configure:6857: checking for mt
configure:6873: found /bin/mt
configure:6884: result: mt
configure:6907: checking if mt is a manifest tool
configure:6913: mt '-?'
configure:6921: result: no
configure:7558: checking for ANSI C header files
configure:7578: cc -c -g -O2 -Wall -fno-strict-aliasing  conftest.c >&5
configure:7578: $? = 0
configure:7651: cc -o conftest -g -O2 -Wall -fno-strict-aliasing   conftest.c  >&5
configure:7651: $? = 0
configure:7651: ./conftest
configure:7651: $? = 0
configure:7662: result: yes
configure:7675: checking for sys/types.h
configure:7675: cc -c -g -O2 -Wall -fno-strict-aliasing  conftest.c >&5
configure:7675: $? = 0
configure:7675: result: yes
configure:7675: checking for sys/stat.h
configure:7675: cc -c -g -O2 -Wall -fno-strict-aliasing  conftest.c >&5
configure:7675: $? = 0
configure:7675: result: yes
configure:7675: checking for stdlib.h
configure:7675: cc -c -g -O2 -Wall -fno-strict-aliasing  conftest.c >&5
configure:7675: $? = 0
configure:7675: result: yes
configure:7675: checking for string.h
configure:7675: cc -c -g -O2 -Wall -fno-strict-aliasing  conftest.c >&5
configure:7675: $? = 0
configure:7675: result: yes
configure:7675: checking for memory.h
configure:7675: cc -c -g -O2 -Wall -fno-strict-aliasing  conftest.c >&5
configure:7675: $? = 0
configure:7675: result: yes
configure:7675: checking for strings.h
configure:7675: cc -c -g -O2 -Wall -fno-strict-aliasing  conftest.c >&5
configure:7675: $? = 0
configure:7675: result: yes
configure:7675: checking for inttypes.h
configure:7675: cc -c -g -O2 -Wall -fno-strict-aliasing  conftest.c >&5
configure:7675: $? = 0
configure:7675: result: yes
configure:7675: checking for stdint.h
configure:7675: cc -c -g -O2 -Wall -fno-strict-aliasing  conftest.c >&5
configure:7675: $? = 0
configure:7675: result: yes
configure:7675: checking for unistd.h
configure:7675: cc -c -g -O2 -Wall -fno-strict-aliasing  conftest.c >&5
configure:7675: $? = 0
configure:7675: result: yes
configure:7689: checking for dlfcn.h
configure:7689: cc -c -g -O2 -Wall -fno-strict-aliasing  conftest.c >&5
configure:7689: $? = 0
configure:7689: result: yes
configure:7895: checking for objdir
configure:7910: result: .libs
configure:8181: checking if cc supports -fno-rtti -fno-exceptions
configure:8199: cc -c -g -O2 -Wall -fno-strict-aliasing  -fno-rtti -fno-exceptions conftest.c >&5
cc1: warning: command line option '-fno-rtti' is valid for C++/ObjC++ but not for C [enabled by default]
configure:8203: $? = 0
configure:8216: result: no
configure:8543: checking for cc option to produce PIC
configure:8550: result: -fPIC -DPIC
configure:8558: checking if cc PIC flag -fPIC -DPIC works
configure:8576: cc -c -g -O2 -Wall -fno-strict-aliasing  -fPIC -DPIC -DPIC conftest.c >&5
configure:8580: $? = 0
configure:8593: result: yes
configure:8622: checking if cc static flag -static works
configure:8650: result: yes
configure:8665: checking if cc supports -c -o file.o
configure:8686: cc -c -g -O2 -Wall -fno-strict-aliasing  -o out/conftest2.o conftest.c >&5
configure:8690: $? = 0
configure:8712: result: yes
configure:8720: checking if cc supports -c -o file.o
configure:8767: result: yes
configure:8800: checking whether the cc linker (/usr/bin/ld) supports shared libraries
configure:9957: result: yes
configure:9994: checking whether -lc should be explicitly linked in
configure:10002: cc -c -g -O2 -Wall -fno-strict-aliasing  conftest.c >&5
configure:10005: $? = 0
configure:10020: cc -shared  -fPIC -DPIC conftest.o  -v -Wl,-soname -Wl,conftest -o conftest 2\>\&1 \| /bin/grep  -lc  \>/dev/null 2\>\&1
configure:10023: $? = 0
configure:10037: result: no
configure:10197: checking dynamic linker characteristics
configure:10697: cc -o conftest -g -O2 -Wall -fno-strict-aliasing   -Wl,-rpath -Wl,/foo conftest.c  >&5
configure:10697: $? = 0
configure:10931: result: GNU/Linux ld.so
configure:11038: checking how to hardcode library paths into programs
configure:11063: result: immediate
configure:11603: checking whether stripping libraries is possible
configure:11608: result: yes
configure:11643: checking if libtool supports shared libraries
configure:11645: result: yes
configure:11648: checking whether to build shared libraries
configure:11669: result: yes
configure:11672: checking whether to build static libraries
configure:11676: result: no
configure:11952: creating ./config.status

## ---------------------- ##
## Running config.status. ##
## ---------------------- ##

This file was extended by config.status, which was
generated by GNU Autoconf 2.69.  Invocation command line was

  CONFIG_FILES    = 
  CONFIG_HEADERS  = 
  CONFIG_LINKS    = 
  CONFIG_COMMANDS = 
  $ ./config.status 

on piotras

config.status:887: creating config.h
config.status:977: config.h is unchanged
config.status:991: executing libtool commands

## ---------------- ##
## Cache variables. ##
## ---------------- ##

ac_cv_build=i686-pc-linux-gnu
ac_cv_c_compiler_gnu=yes
ac_cv_env_CC_set=
ac_cv_env_CC_value=
ac_cv_env_CFLAGS_set=
ac_cv_env_CFLAGS_value=
ac_cv_env_CPPFLAGS_set=
ac_cv_env_CPPFLAGS_value=
ac_cv_env_CPP_set=
ac_cv_env_CPP_value=
ac_cv_env_LDFLAGS_set=
ac_cv_env_LDFLAGS_value=
ac_cv_env_LIBS_set=
ac_cv_env_LIBS_value=
ac_cv_env_build_alias_set=
ac_cv_env_build_alias_value=
ac_cv_env_host_alias_set=
ac_cv_env_host_alias_value=
ac_cv_env_target_alias_set=
ac_cv_env_target_alias_value=
ac_cv_header_dlfcn_h=yes
ac_cv_header_inttypes_h=yes
ac_cv_header_memory_h=yes
ac_cv_header_stdc=yes
ac_cv_header_stdint_h=yes
ac_cv_header_stdlib_h=yes
ac_cv_header_string_h=yes
ac_cv_header_strings_h=yes
ac_cv_header_sys_stat_h=yes
ac_cv_header_sys_types_h=yes
ac_cv_header_unistd_h=yes
ac_cv_host=i686-pc-linux-gnu
ac_cv_objext=o
ac_cv_path_EGREP='/bin/grep -E'
ac_cv_path_FGREP='/bin/grep -F'
ac_cv_path_GREP=/bin/grep
ac_cv_path_SED=/bin/sed
ac_cv_prog_AWK=gawk
ac_cv_prog_CPP='cc -E'
ac_cv_prog_RE2C=re2c
ac_cv_prog_ac_ct_AR=ar
ac_cv_prog_ac_ct_CC=cc
ac_cv_prog_ac_ct_MANIFEST_TOOL=mt
ac_cv_prog_ac_ct_OBJDUMP=objdump
ac_cv_prog_ac_ct_RANLIB=ranlib
ac_cv_prog_ac_ct_STRIP=strip
ac_cv_prog_cc_c89=
ac_cv_prog_cc_cc_c_o=yes
ac_cv_prog_cc_g=yes
ac_cv_target=i686-pc-linux-gnu
lt_cv_ar_at_file=@
lt_cv_archive_cmds_need_lc=no
lt_cv_deplibs_check_method=pass_all
lt_cv_file_magic_cmd='$MAGIC_CMD'
lt_cv_file_magic_test_file=
lt_cv_ld_reload_flag=-r
lt_cv_nm_interface='BSD nm'
lt_cv_objdir=.libs
lt_cv_path_LD=/usr/bin/ld
lt_cv_path_NM='/usr/bin/nm -B'
lt_cv_path_mainfest_tool=no
lt_cv_prog_compiler_c_o=yes
lt_cv_prog_compiler_pic='-fPIC -DPIC'
lt_cv_prog_compiler_pic_works=yes
lt_cv_prog_compiler_rtti_exceptions=no
lt_cv_prog_compiler_static_works=yes
lt_cv_prog_gnu_ld=yes
lt_cv_sharedlib_from_linklib_cmd='printf %s\n'
lt_cv_shlibpath_overrides_runpath=no
lt_cv_sys_global_symbol_pipe='sed -n -e '\''s/^.*[	 ]\([ABCDGIRSTW][ABCDGIRSTW]*\)[	 ][	 ]*\([_A-Za-z][_A-Za-z0-9]*\)$/\1 \2 \2/p'\'' | sed '\''/ __gnu_lto/d'\'''
lt_cv_sys_global_symbol_to_c_name_address='sed -n -e '\''s/^: \([^ ]*\)[ ]*$/  {\"\1\", (void *) 0},/p'\'' -e '\''s/^[ABCDGIRSTW]* \([^ ]*\) \([^ ]*\)$/  {"\2", (void *) \&\2},/p'\'''
lt_cv_sys_global_symbol_to_c_name_address_lib_prefix='sed -n -e '\''s/^: \([^ ]*\)[ ]*$/  {\"\1\", (void *) 0},/p'\'' -e '\''s/^[ABCDGIRSTW]* \([^ ]*\) \(lib[^ ]*\)$/  {"\2", (void *) \&\2},/p'\'' -e '\''s/^[ABCDGIRSTW]* \([^ ]*\) \([^ ]*\)$/  {"lib\2", (void *) \&\2},/p'\'''
lt_cv_sys_global_symbol_to_cdecl='sed -n -e '\''s/^T .* \(.*\)$/extern int \1();/p'\'' -e '\''s/^[ABCDGIRSTW]* .* \(.*\)$/extern char \1;/p'\'''
lt_cv_sys_max_cmd_len=1572864
lt_cv_to_host_file_cmd=func_convert_file_noop
lt_cv_to_tool_file_cmd=func_convert_file_noop
php_cv_cc_dashr=no
php_cv_cc_rpath=yes
php_cv_re2c_version='0.13.5 (ok)'

## ----------------- ##
## Output variables. ##
## ----------------- ##

AR='ar'
AWK='gawk'
CC='cc'
CFLAGS='-g -O2 -Wall -fno-strict-aliasing'
CONFIGURE_COMMAND=' '\''./configure'\'' '
CONFIGURE_OPTIONS=''
CPP='cc -E'
CPPFLAGS=' -DHAVE_CONFIG_H'
DEFS='-DHAVE_CONFIG_H'
DLLTOOL='false'
DSYMUTIL=''
DUMPBIN=''
ECHO_C=''
ECHO_N='-n'
ECHO_T=''
EGREP='/bin/grep -E'
EXEEXT=''
FGREP='/bin/grep -F'
GREP='/bin/grep'
LD='/usr/bin/ld'
LDFLAGS=''
LIBOBJS=''
LIBS=''
LIBTOOL='$(SHELL) $(top_builddir)/libtool'
LIPO=''
LN_S='ln -s'
LTLIBOBJS=''
MANIFEST_TOOL=':'
NM='/usr/bin/nm -B'
NMEDIT=''
OBJDUMP='objdump'
OBJEXT='o'
OTOOL64=''
OTOOL=''
PACKAGE_BUGREPORT=''
PACKAGE_NAME=''
PACKAGE_STRING=''
PACKAGE_TARNAME=''
PACKAGE_URL=''
PACKAGE_VERSION=''
PATH_SEPARATOR=':'
RANLIB='ranlib'
RE2C='re2c'
SED='/bin/sed'
SHELL='/bin/bash'
SHLIB_DL_SUFFIX_NAME='so'
SHLIB_SUFFIX_NAME='so'
STRIP='strip'
ac_ct_AR='ar'
ac_ct_CC='cc'
ac_ct_DUMPBIN=''
bindir='${exec_prefix}/bin'
build='i686-pc-linux-gnu'
build_alias=''
build_cpu='i686'
build_os='linux-gnu'
build_vendor='pc'
datadir='${datarootdir}'
datarootdir='${prefix}/share'
docdir='${datarootdir}/doc/${PACKAGE}'
dvidir='${docdir}'
exec_prefix='$(prefix)'
host='i686-pc-linux-gnu'
host_alias='i686-pc-linux-gnu'
host_cpu='i686'
host_os='linux-gnu'
host_vendor='pc'
htmldir='${docdir}'
includedir='${prefix}/include'
infodir='${datarootdir}/info'
libdir='${exec_prefix}/lib'
libexecdir='${exec_prefix}/libexec'
localedir='${datarootdir}/locale'
localstatedir='${prefix}/var'
mandir='${datarootdir}/man'
oldincludedir='/usr/include'
pdfdir='${docdir}'
prefix='/usr'
program_transform_name='s,x,x,'
psdir='${docdir}'
sbindir='${exec_prefix}/sbin'
sharedstatedir='${prefix}/com'
sysconfdir='${prefix}/etc'
target='i686-pc-linux-gnu'
target_alias=''
target_cpu='i686'
target_os='linux-gnu'
target_vendor='pc'

## ----------- ##
## confdefs.h. ##
## ----------- ##

/* confdefs.h */
#define PACKAGE_NAME ""
#define PACKAGE_TARNAME ""
#define PACKAGE_VERSION ""
#define PACKAGE_STRING ""
#define PACKAGE_BUGREPORT ""
#define PACKAGE_URL ""
#define HAVE_MIDGARD 1
#define COMPILE_DL_MIDGARD 1
#define STDC_HEADERS 1
#define HAVE_SYS_TYPES_H 1
#define HAVE_SYS_STAT_H 1
#define HAVE_STDLIB_H 1
#define HAVE_STRING_H 1
#define HAVE_MEMORY_H 1
#define HAVE_STRINGS_H 1
#define HAVE_INTTYPES_H 1
#define HAVE_STDINT_H 1
#define HAVE_UNISTD_H 1
#define HAVE_DLFCN_H 1
#define LT_OBJDIR ".libs/"

configure: exit 0
